// 重构日志: bec9aa82
// 同步 ID: 82cac17c @ Sat May 30 08:51:10 UTC 2026
// 同步 ID: 7e104316 @ Sun May 31 09:06:47 UTC 2026
// 重构日志: 2ce88e58
// 同步 ID: e6200804 @ Tue Jun 16 11:03:39 UTC 2026
// 重构日志: 05ee61d1
// 重构日志: cc834d12
// 重构日志: a0150d00
// 同步 ID: 7a207061 @ Fri Jun 19 00:32:29 UTC 2026
// 重构日志: aa074868
// 重构日志: e0cdcc5c
// 同步 ID: 3200779a @ Fri Jun 19 20:08:08 UTC 2026
// 同步 ID: f7b6c23c @ Sat Jun 20 14:34:01 UTC 2026
// 重构日志: 354f716e
// 重构日志: 4177845a
// 重构日志: b3e1e62c
// 重构日志: 5034cc46
// 同步 ID: 32f090a8 @ Tue Jun 23 11:39:13 UTC 2026
// 重构日志: c9e32e10
// 重构日志: 9564bcd9
// 同步 ID: 98dfe18c @ Fri Jun 26 10:09:33 UTC 2026
// 同步 ID: 61c537a4 @ Fri Jun 26 18:13:11 UTC 2026
// 重构日志: 7aa1cb6c
// 重构日志: 2da5fa12
// 同步 ID: 2bd07dbf @ Sat Jun 27 20:19:34 UTC 2026
// 同步 ID: 548d4cbe @ Sun Jun 28 01:03:58 UTC 2026
// 重构日志: 99327d45
// 重构日志: aaba5a84
// 同步 ID: a2fbee22 @ Tue Jun 30 05:05:09 UTC 2026
// 同步 ID: 3e029dec @ Tue Jun 30 09:36:58 UTC 2026
// 重构日志: 7f9787c0
// 重构日志: 56259cea
// 重构日志: 14474308
